::1 - - [30/Mar/2022:21:57:47 +0000] "GET /api/articles/latest/articles HTTP/1.1" 304 - "http://localhost:3000/" "Mozilla/5.0 (X11; Linux x86_64) AppleWebKit/537.36 (KHTML, like Gecko) Chrome/98.0.4758.80 Safari/537.36"
::1 - - [30/Mar/2022:21:57:47 +0000] "GET /api/articles/latest/views HTTP/1.1" 304 - "http://localhost:3000/" "Mozilla/5.0 (X11; Linux x86_64) AppleWebKit/537.36 (KHTML, like Gecko) Chrome/98.0.4758.80 Safari/537.36"
::1 - - [30/Mar/2022:21:57:47 +0000] "GET /api/articles/latest/likes HTTP/1.1" 304 - "http://localhost:3000/" "Mozilla/5.0 (X11; Linux x86_64) AppleWebKit/537.36 (KHTML, like Gecko) Chrome/98.0.4758.80 Safari/537.36"
::1 - - [30/Mar/2022:21:57:47 +0000] "GET /assets/images/pics-47.0000-Welcome%20to%20TOF%20schools.jpg HTTP/1.1" 304 - "http://localhost:3000/" "Mozilla/5.0 (X11; Linux x86_64) AppleWebKit/537.36 (KHTML, like Gecko) Chrome/98.0.4758.80 Safari/537.36"
::1 - - [30/Mar/2022:21:57:48 +0000] "GET /assets/images/pics-13.0000-debian-gnome-linux-ubuntu-wallpaper-preview.jpg HTTP/1.1" 304 - "http://localhost:3000/" "Mozilla/5.0 (X11; Linux x86_64) AppleWebKit/537.36 (KHTML, like Gecko) Chrome/98.0.4758.80 Safari/537.36"
::1 - - [30/Mar/2022:21:57:48 +0000] "GET /assets/images/pics-19.0000-412757.jpg HTTP/1.1" 304 - "http://localhost:3000/" "Mozilla/5.0 (X11; Linux x86_64) AppleWebKit/537.36 (KHTML, like Gecko) Chrome/98.0.4758.80 Safari/537.36"
::1 - - [30/Mar/2022:21:57:48 +0000] "GET /assets/images/pics-19.0000-linux-ubuntu-gnu-gnulinux-technology-linux-hd-art-wallpaper-preview.jpg HTTP/1.1" 304 - "http://localhost:3000/" "Mozilla/5.0 (X11; Linux x86_64) AppleWebKit/537.36 (KHTML, like Gecko) Chrome/98.0.4758.80 Safari/537.36"
::1 - - [30/Mar/2022:21:59:16 +0000] "GET /api/articles/latest/articles HTTP/1.1" 304 - "http://localhost:3000/" "Mozilla/5.0 (X11; Linux x86_64) AppleWebKit/537.36 (KHTML, like Gecko) Chrome/98.0.4758.80 Safari/537.36"
::1 - - [30/Mar/2022:21:59:16 +0000] "GET /api/articles/latest/views HTTP/1.1" 304 - "http://localhost:3000/" "Mozilla/5.0 (X11; Linux x86_64) AppleWebKit/537.36 (KHTML, like Gecko) Chrome/98.0.4758.80 Safari/537.36"
::1 - - [30/Mar/2022:21:59:16 +0000] "GET /api/articles/latest/likes HTTP/1.1" 304 - "http://localhost:3000/" "Mozilla/5.0 (X11; Linux x86_64) AppleWebKit/537.36 (KHTML, like Gecko) Chrome/98.0.4758.80 Safari/537.36"
::1 - - [30/Mar/2022:21:59:16 +0000] "GET /assets/images/pics-13.0000-debian-gnome-linux-ubuntu-wallpaper-preview.jpg HTTP/1.1" 304 - "http://localhost:3000/" "Mozilla/5.0 (X11; Linux x86_64) AppleWebKit/537.36 (KHTML, like Gecko) Chrome/98.0.4758.80 Safari/537.36"
::1 - - [30/Mar/2022:21:59:16 +0000] "GET /assets/images/pics-47.0000-Welcome%20to%20TOF%20schools.jpg HTTP/1.1" 304 - "http://localhost:3000/" "Mozilla/5.0 (X11; Linux x86_64) AppleWebKit/537.36 (KHTML, like Gecko) Chrome/98.0.4758.80 Safari/537.36"
::1 - - [30/Mar/2022:21:59:16 +0000] "GET /assets/images/pics-19.0000-412757.jpg HTTP/1.1" 304 - "http://localhost:3000/" "Mozilla/5.0 (X11; Linux x86_64) AppleWebKit/537.36 (KHTML, like Gecko) Chrome/98.0.4758.80 Safari/537.36"
::1 - - [30/Mar/2022:21:59:16 +0000] "GET /assets/images/pics-19.0000-linux-ubuntu-gnu-gnulinux-technology-linux-hd-art-wallpaper-preview.jpg HTTP/1.1" 304 - "http://localhost:3000/" "Mozilla/5.0 (X11; Linux x86_64) AppleWebKit/537.36 (KHTML, like Gecko) Chrome/98.0.4758.80 Safari/537.36"
::1 - - [30/Mar/2022:21:59:46 +0000] "GET /api/articles/latest/articles HTTP/1.1" 304 - "http://localhost:3000/" "Mozilla/5.0 (X11; Linux x86_64) AppleWebKit/537.36 (KHTML, like Gecko) Chrome/98.0.4758.80 Safari/537.36"
::1 - - [30/Mar/2022:21:59:46 +0000] "GET /api/articles/latest/likes HTTP/1.1" 304 - "http://localhost:3000/" "Mozilla/5.0 (X11; Linux x86_64) AppleWebKit/537.36 (KHTML, like Gecko) Chrome/98.0.4758.80 Safari/537.36"
::1 - - [30/Mar/2022:21:59:46 +0000] "GET /api/articles/latest/views HTTP/1.1" 304 - "http://localhost:3000/" "Mozilla/5.0 (X11; Linux x86_64) AppleWebKit/537.36 (KHTML, like Gecko) Chrome/98.0.4758.80 Safari/537.36"
::1 - - [30/Mar/2022:21:59:46 +0000] "GET /assets/images/pics-13.0000-debian-gnome-linux-ubuntu-wallpaper-preview.jpg HTTP/1.1" 304 - "http://localhost:3000/" "Mozilla/5.0 (X11; Linux x86_64) AppleWebKit/537.36 (KHTML, like Gecko) Chrome/98.0.4758.80 Safari/537.36"
::1 - - [30/Mar/2022:21:59:46 +0000] "GET /assets/images/pics-47.0000-Welcome%20to%20TOF%20schools.jpg HTTP/1.1" 304 - "http://localhost:3000/" "Mozilla/5.0 (X11; Linux x86_64) AppleWebKit/537.36 (KHTML, like Gecko) Chrome/98.0.4758.80 Safari/537.36"
::1 - - [30/Mar/2022:21:59:46 +0000] "GET /assets/images/pics-19.0000-412757.jpg HTTP/1.1" 304 - "http://localhost:3000/" "Mozilla/5.0 (X11; Linux x86_64) AppleWebKit/537.36 (KHTML, like Gecko) Chrome/98.0.4758.80 Safari/537.36"
::1 - - [30/Mar/2022:21:59:46 +0000] "GET /assets/images/pics-19.0000-linux-ubuntu-gnu-gnulinux-technology-linux-hd-art-wallpaper-preview.jpg HTTP/1.1" 304 - "http://localhost:3000/" "Mozilla/5.0 (X11; Linux x86_64) AppleWebKit/537.36 (KHTML, like Gecko) Chrome/98.0.4758.80 Safari/537.36"
::1 - - [30/Mar/2022:21:59:51 +0000] "GET /api/users/6240dc2a7a72e26464204a4e HTTP/1.1" 304 - "http://localhost:3000/" "Mozilla/5.0 (X11; Linux x86_64) AppleWebKit/537.36 (KHTML, like Gecko) Chrome/98.0.4758.80 Safari/537.36"
::1 - - [30/Mar/2022:21:59:52 +0000] "GET /assets/images/pics-30.0000-IMG_20210703_161532.jpg HTTP/1.1" 304 - "http://localhost:3000/" "Mozilla/5.0 (X11; Linux x86_64) AppleWebKit/537.36 (KHTML, like Gecko) Chrome/98.0.4758.80 Safari/537.36"
::1 - - [30/Mar/2022:21:59:52 +0000] "GET /api/admin/author/article/most HTTP/1.1" 304 - "http://localhost:3000/" "Mozilla/5.0 (X11; Linux x86_64) AppleWebKit/537.36 (KHTML, like Gecko) Chrome/98.0.4758.80 Safari/537.36"
::1 - - [30/Mar/2022:21:59:52 +0000] "GET /api/articles/all/like/6240dc2a7a72e26464204a4e HTTP/1.1" 304 - "http://localhost:3000/" "Mozilla/5.0 (X11; Linux x86_64) AppleWebKit/537.36 (KHTML, like Gecko) Chrome/98.0.4758.80 Safari/537.36"
::1 - - [30/Mar/2022:21:59:52 +0000] "GET /api/articles/all/view/6240dc2a7a72e26464204a4e HTTP/1.1" 304 - "http://localhost:3000/" "Mozilla/5.0 (X11; Linux x86_64) AppleWebKit/537.36 (KHTML, like Gecko) Chrome/98.0.4758.80 Safari/537.36"
::1 - - [30/Mar/2022:21:59:53 +0000] "GET /api/admin/total/editors HTTP/1.1" 400 17 "http://localhost:3000/" "Mozilla/5.0 (X11; Linux x86_64) AppleWebKit/537.36 (KHTML, like Gecko) Chrome/98.0.4758.80 Safari/537.36"
::1 - - [30/Mar/2022:21:59:54 +0000] "GET /api/articles/all/article/6240dc2a7a72e26464204a4e HTTP/1.1" 304 - "http://localhost:3000/" "Mozilla/5.0 (X11; Linux x86_64) AppleWebKit/537.36 (KHTML, like Gecko) Chrome/98.0.4758.80 Safari/537.36"
::1 - - [30/Mar/2022:21:59:54 +0000] "GET /api/admin/total/articles HTTP/1.1" 304 - "http://localhost:3000/" "Mozilla/5.0 (X11; Linux x86_64) AppleWebKit/537.36 (KHTML, like Gecko) Chrome/98.0.4758.80 Safari/537.36"
::1 - - [30/Mar/2022:21:59:54 +0000] "GET /api/admin/total/authors HTTP/1.1" 304 - "http://localhost:3000/" "Mozilla/5.0 (X11; Linux x86_64) AppleWebKit/537.36 (KHTML, like Gecko) Chrome/98.0.4758.80 Safari/537.36"
::1 - - [30/Mar/2022:22:00:15 +0000] "POST /api/auth/signin HTTP/1.1" 200 265 "http://localhost:3000/" "Mozilla/5.0 (X11; Linux x86_64) AppleWebKit/537.36 (KHTML, like Gecko) Chrome/98.0.4758.80 Safari/537.36"
::1 - - [30/Mar/2022:22:00:15 +0000] "GET /api/articles/latest/articles HTTP/1.1" 304 - "http://localhost:3000/" "Mozilla/5.0 (X11; Linux x86_64) AppleWebKit/537.36 (KHTML, like Gecko) Chrome/98.0.4758.80 Safari/537.36"
::1 - - [30/Mar/2022:22:00:15 +0000] "GET /api/articles/latest/likes HTTP/1.1" 304 - "http://localhost:3000/" "Mozilla/5.0 (X11; Linux x86_64) AppleWebKit/537.36 (KHTML, like Gecko) Chrome/98.0.4758.80 Safari/537.36"
::1 - - [30/Mar/2022:22:00:15 +0000] "GET /api/articles/latest/views HTTP/1.1" 304 - "http://localhost:3000/" "Mozilla/5.0 (X11; Linux x86_64) AppleWebKit/537.36 (KHTML, like Gecko) Chrome/98.0.4758.80 Safari/537.36"
::1 - - [30/Mar/2022:22:00:21 +0000] "GET /api/users/623b8fa826887dd1a7fb87d0 HTTP/1.1" 304 - "http://localhost:3000/" "Mozilla/5.0 (X11; Linux x86_64) AppleWebKit/537.36 (KHTML, like Gecko) Chrome/98.0.4758.80 Safari/537.36"
::1 - - [30/Mar/2022:22:00:22 +0000] "GET /api/articles/all/article/623b8fa826887dd1a7fb87d0 HTTP/1.1" 304 - "http://localhost:3000/" "Mozilla/5.0 (X11; Linux x86_64) AppleWebKit/537.36 (KHTML, like Gecko) Chrome/98.0.4758.80 Safari/537.36"
::1 - - [30/Mar/2022:22:00:22 +0000] "GET /api/articles/all/view/623b8fa826887dd1a7fb87d0 HTTP/1.1" 200 16 "http://localhost:3000/" "Mozilla/5.0 (X11; Linux x86_64) AppleWebKit/537.36 (KHTML, like Gecko) Chrome/98.0.4758.80 Safari/537.36"
::1 - - [30/Mar/2022:22:00:22 +0000] "GET /assets/images/pics-8.0000-IMG_20211120_201458.png HTTP/1.1" 304 - "http://localhost:3000/" "Mozilla/5.0 (X11; Linux x86_64) AppleWebKit/537.36 (KHTML, like Gecko) Chrome/98.0.4758.80 Safari/537.36"
::1 - - [30/Mar/2022:22:00:22 +0000] "GET /api/articles/all/like/623b8fa826887dd1a7fb87d0 HTTP/1.1" 304 - "http://localhost:3000/" "Mozilla/5.0 (X11; Linux x86_64) AppleWebKit/537.36 (KHTML, like Gecko) Chrome/98.0.4758.80 Safari/537.36"
::1 - - [30/Mar/2022:22:00:22 +0000] "GET /api/articles/latest/article/623b8fa826887dd1a7fb87d0 HTTP/1.1" 304 - "http://localhost:3000/" "Mozilla/5.0 (X11; Linux x86_64) AppleWebKit/537.36 (KHTML, like Gecko) Chrome/98.0.4758.80 Safari/537.36"
::1 - - [30/Mar/2022:22:00:22 +0000] "GET /api/articles/like/623b8fa826887dd1a7fb87d0 HTTP/1.1" 200 1761 "http://localhost:3000/" "Mozilla/5.0 (X11; Linux x86_64) AppleWebKit/537.36 (KHTML, like Gecko) Chrome/98.0.4758.80 Safari/537.36"
::1 - - [30/Mar/2022:22:00:22 +0000] "GET /api/articles/views/623b8fa826887dd1a7fb87d0 HTTP/1.1" 304 - "http://localhost:3000/" "Mozilla/5.0 (X11; Linux x86_64) AppleWebKit/537.36 (KHTML, like Gecko) Chrome/98.0.4758.80 Safari/537.36"
::1 - - [30/Mar/2022:22:00:48 +0000] "GET /api/users/623b8fa826887dd1a7fb87d0 HTTP/1.1" 304 - "http://localhost:3000/" "Mozilla/5.0 (X11; Linux x86_64) AppleWebKit/537.36 (KHTML, like Gecko) Chrome/98.0.4758.80 Safari/537.36"
::1 - - [30/Mar/2022:22:00:48 +0000] "GET /api/articles/all/view/623b8fa826887dd1a7fb87d0 HTTP/1.1" 304 - "http://localhost:3000/" "Mozilla/5.0 (X11; Linux x86_64) AppleWebKit/537.36 (KHTML, like Gecko) Chrome/98.0.4758.80 Safari/537.36"
::1 - - [30/Mar/2022:22:00:48 +0000] "GET /api/articles/all/article/623b8fa826887dd1a7fb87d0 HTTP/1.1" 304 - "http://localhost:3000/" "Mozilla/5.0 (X11; Linux x86_64) AppleWebKit/537.36 (KHTML, like Gecko) Chrome/98.0.4758.80 Safari/537.36"
::1 - - [30/Mar/2022:22:00:48 +0000] "GET /api/articles/all/like/623b8fa826887dd1a7fb87d0 HTTP/1.1" 304 - "http://localhost:3000/" "Mozilla/5.0 (X11; Linux x86_64) AppleWebKit/537.36 (KHTML, like Gecko) Chrome/98.0.4758.80 Safari/537.36"
::1 - - [30/Mar/2022:22:00:48 +0000] "GET /api/articles/like/623b8fa826887dd1a7fb87d0 HTTP/1.1" 304 - "http://localhost:3000/" "Mozilla/5.0 (X11; Linux x86_64) AppleWebKit/537.36 (KHTML, like Gecko) Chrome/98.0.4758.80 Safari/537.36"
::1 - - [30/Mar/2022:22:00:48 +0000] "GET /api/articles/views/623b8fa826887dd1a7fb87d0 HTTP/1.1" 304 - "http://localhost:3000/" "Mozilla/5.0 (X11; Linux x86_64) AppleWebKit/537.36 (KHTML, like Gecko) Chrome/98.0.4758.80 Safari/537.36"
::1 - - [30/Mar/2022:22:00:48 +0000] "GET /api/articles/latest/article/623b8fa826887dd1a7fb87d0 HTTP/1.1" 304 - "http://localhost:3000/" "Mozilla/5.0 (X11; Linux x86_64) AppleWebKit/537.36 (KHTML, like Gecko) Chrome/98.0.4758.80 Safari/537.36"
::1 - - [30/Mar/2022:22:06:38 +0000] "POST /api/auth HTTP/1.1" 403 54 "http://localhost:3000/" "Mozilla/5.0 (X11; Linux x86_64) AppleWebKit/537.36 (KHTML, like Gecko) Chrome/98.0.4758.80 Safari/537.36"
::1 - - [30/Mar/2022:22:07:10 +0000] "POST /api/auth HTTP/1.1" 403 54 "http://localhost:3000/" "Mozilla/5.0 (X11; Linux x86_64) AppleWebKit/537.36 (KHTML, like Gecko) Chrome/98.0.4758.80 Safari/537.36"
::1 - - [30/Mar/2022:22:08:00 +0000] "POST /api/auth HTTP/1.1" 403 54 "http://localhost:3000/" "Mozilla/5.0 (X11; Linux x86_64) AppleWebKit/537.36 (KHTML, like Gecko) Chrome/98.0.4758.80 Safari/537.36"
::1 - - [30/Mar/2022:22:08:43 +0000] "POST /api/auth HTTP/1.1" 403 54 "http://localhost:3000/" "Mozilla/5.0 (X11; Linux x86_64) AppleWebKit/537.36 (KHTML, like Gecko) Chrome/98.0.4758.80 Safari/537.36"
::1 - - [30/Mar/2022:22:08:56 +0000] "POST /api/auth HTTP/1.1" 403 54 "http://localhost:3000/" "Mozilla/5.0 (X11; Linux x86_64) AppleWebKit/537.36 (KHTML, like Gecko) Chrome/98.0.4758.80 Safari/537.36"
::1 - - [30/Mar/2022:22:11:16 +0000] "POST /api/auth/signin HTTP/1.1" 403 61 "http://localhost:3000/" "Mozilla/5.0 (X11; Linux x86_64) AppleWebKit/537.36 (KHTML, like Gecko) Chrome/98.0.4758.80 Safari/537.36"
::1 - - [30/Mar/2022:22:12:04 +0000] "POST /api/auth/signin HTTP/1.1" 403 61 "http://localhost:3000/" "Mozilla/5.0 (X11; Linux x86_64) AppleWebKit/537.36 (KHTML, like Gecko) Chrome/98.0.4758.80 Safari/537.36"
::1 - - [30/Mar/2022:22:12:50 +0000] "POST /api/auth/signin HTTP/1.1" 403 61 "http://localhost:3000/" "Mozilla/5.0 (X11; Linux x86_64) AppleWebKit/537.36 (KHTML, like Gecko) Chrome/98.0.4758.80 Safari/537.36"
::1 - - [30/Mar/2022:22:13:05 +0000] "POST /api/auth/signin HTTP/1.1" 200 265 "http://localhost:3000/" "Mozilla/5.0 (X11; Linux x86_64) AppleWebKit/537.36 (KHTML, like Gecko) Chrome/98.0.4758.80 Safari/537.36"
::1 - - [30/Mar/2022:22:13:10 +0000] "GET /api/articles/latest/articles HTTP/1.1" 304 - "http://localhost:3000/" "Mozilla/5.0 (X11; Linux x86_64) AppleWebKit/537.36 (KHTML, like Gecko) Chrome/98.0.4758.80 Safari/537.36"
::1 - - [30/Mar/2022:22:13:10 +0000] "GET /api/articles/latest/likes HTTP/1.1" 304 - "http://localhost:3000/" "Mozilla/5.0 (X11; Linux x86_64) AppleWebKit/537.36 (KHTML, like Gecko) Chrome/98.0.4758.80 Safari/537.36"
::1 - - [30/Mar/2022:22:13:10 +0000] "GET /api/articles/latest/views HTTP/1.1" 304 - "http://localhost:3000/" "Mozilla/5.0 (X11; Linux x86_64) AppleWebKit/537.36 (KHTML, like Gecko) Chrome/98.0.4758.80 Safari/537.36"
::1 - - [30/Mar/2022:22:13:11 +0000] "GET /assets/images/pics-47.0000-Welcome%20to%20TOF%20schools.jpg HTTP/1.1" 304 - "http://localhost:3000/" "Mozilla/5.0 (X11; Linux x86_64) AppleWebKit/537.36 (KHTML, like Gecko) Chrome/98.0.4758.80 Safari/537.36"
::1 - - [30/Mar/2022:22:13:11 +0000] "GET /assets/images/pics-13.0000-debian-gnome-linux-ubuntu-wallpaper-preview.jpg HTTP/1.1" 304 - "http://localhost:3000/" "Mozilla/5.0 (X11; Linux x86_64) AppleWebKit/537.36 (KHTML, like Gecko) Chrome/98.0.4758.80 Safari/537.36"
::1 - - [30/Mar/2022:22:13:11 +0000] "GET /assets/images/pics-19.0000-412757.jpg HTTP/1.1" 304 - "http://localhost:3000/" "Mozilla/5.0 (X11; Linux x86_64) AppleWebKit/537.36 (KHTML, like Gecko) Chrome/98.0.4758.80 Safari/537.36"
::1 - - [30/Mar/2022:22:13:12 +0000] "GET /assets/images/pics-19.0000-linux-ubuntu-gnu-gnulinux-technology-linux-hd-art-wallpaper-preview.jpg HTTP/1.1" 304 - "http://localhost:3000/" "Mozilla/5.0 (X11; Linux x86_64) AppleWebKit/537.36 (KHTML, like Gecko) Chrome/98.0.4758.80 Safari/537.36"
::1 - - [30/Mar/2022:22:13:23 +0000] "POST /api/articles/view/6242de594064ae45267d0716 HTTP/1.1" 201 20 "http://localhost:3000/" "Mozilla/5.0 (X11; Linux x86_64) AppleWebKit/537.36 (KHTML, like Gecko) Chrome/98.0.4758.80 Safari/537.36"
::1 - - [30/Mar/2022:22:13:24 +0000] "GET /undefined HTTP/1.1" 404 148 "http://localhost:3000/" "Mozilla/5.0 (X11; Linux x86_64) AppleWebKit/537.36 (KHTML, like Gecko) Chrome/98.0.4758.80 Safari/537.36"
::1 - - [30/Mar/2022:22:13:24 +0000] "GET /api/articles/6242de594064ae45267d0716 HTTP/1.1" 200 1778 "http://localhost:3000/" "Mozilla/5.0 (X11; Linux x86_64) AppleWebKit/537.36 (KHTML, like Gecko) Chrome/98.0.4758.80 Safari/537.36"
::1 - - [30/Mar/2022:22:13:28 +0000] "DELETE /api/articles/6242de594064ae45267d0716 HTTP/1.1" 201 40 "http://localhost:3000/" "Mozilla/5.0 (X11; Linux x86_64) AppleWebKit/537.36 (KHTML, like Gecko) Chrome/98.0.4758.80 Safari/537.36"
::1 - - [30/Mar/2022:22:13:28 +0000] "GET /api/articles/latest/articles HTTP/1.1" 200 15202 "http://localhost:3000/" "Mozilla/5.0 (X11; Linux x86_64) AppleWebKit/537.36 (KHTML, like Gecko) Chrome/98.0.4758.80 Safari/537.36"
::1 - - [30/Mar/2022:22:13:28 +0000] "GET /api/articles/latest/likes HTTP/1.1" 200 15202 "http://localhost:3000/" "Mozilla/5.0 (X11; Linux x86_64) AppleWebKit/537.36 (KHTML, like Gecko) Chrome/98.0.4758.80 Safari/537.36"
::1 - - [30/Mar/2022:22:13:28 +0000] "GET /api/articles/latest/views HTTP/1.1" 200 15202 "http://localhost:3000/" "Mozilla/5.0 (X11; Linux x86_64) AppleWebKit/537.36 (KHTML, like Gecko) Chrome/98.0.4758.80 Safari/537.36"
::1 - - [30/Mar/2022:22:13:30 +0000] "POST /api/articles/view/6242df554dfb4699dbbea240 HTTP/1.1" 201 20 "http://localhost:3000/" "Mozilla/5.0 (X11; Linux x86_64) AppleWebKit/537.36 (KHTML, like Gecko) Chrome/98.0.4758.80 Safari/537.36"
::1 - - [30/Mar/2022:22:13:30 +0000] "GET /undefined HTTP/1.1" 404 148 "http://localhost:3000/" "Mozilla/5.0 (X11; Linux x86_64) AppleWebKit/537.36 (KHTML, like Gecko) Chrome/98.0.4758.80 Safari/537.36"
::1 - - [30/Mar/2022:22:13:31 +0000] "GET /api/articles/6242df554dfb4699dbbea240 HTTP/1.1" 200 1791 "http://localhost:3000/" "Mozilla/5.0 (X11; Linux x86_64) AppleWebKit/537.36 (KHTML, like Gecko) Chrome/98.0.4758.80 Safari/537.36"
::1 - - [30/Mar/2022:22:13:35 +0000] "DELETE /api/articles/6242df554dfb4699dbbea240 HTTP/1.1" 201 40 "http://localhost:3000/" "Mozilla/5.0 (X11; Linux x86_64) AppleWebKit/537.36 (KHTML, like Gecko) Chrome/98.0.4758.80 Safari/537.36"
::1 - - [30/Mar/2022:22:13:35 +0000] "GET /api/articles/latest/articles HTTP/1.1" 200 13438 "http://localhost:3000/" "Mozilla/5.0 (X11; Linux x86_64) AppleWebKit/537.36 (KHTML, like Gecko) Chrome/98.0.4758.80 Safari/537.36"
::1 - - [30/Mar/2022:22:13:35 +0000] "GET /api/articles/latest/likes HTTP/1.1" 200 13438 "http://localhost:3000/" "Mozilla/5.0 (X11; Linux x86_64) AppleWebKit/537.36 (KHTML, like Gecko) Chrome/98.0.4758.80 Safari/537.36"
::1 - - [30/Mar/2022:22:13:35 +0000] "GET /api/articles/latest/views HTTP/1.1" 200 13438 "http://localhost:3000/" "Mozilla/5.0 (X11; Linux x86_64) AppleWebKit/537.36 (KHTML, like Gecko) Chrome/98.0.4758.80 Safari/537.36"
::1 - - [30/Mar/2022:22:13:43 +0000] "POST /api/articles/view/6242d07e4064ae45267d06c6 HTTP/1.1" 201 20 "http://localhost:3000/" "Mozilla/5.0 (X11; Linux x86_64) AppleWebKit/537.36 (KHTML, like Gecko) Chrome/98.0.4758.80 Safari/537.36"
::1 - - [30/Mar/2022:22:13:43 +0000] "GET /undefined HTTP/1.1" 404 148 "http://localhost:3000/" "Mozilla/5.0 (X11; Linux x86_64) AppleWebKit/537.36 (KHTML, like Gecko) Chrome/98.0.4758.80 Safari/537.36"
::1 - - [30/Mar/2022:22:13:43 +0000] "GET /api/articles/6242d07e4064ae45267d06c6 HTTP/1.1" 200 11399 "http://localhost:3000/" "Mozilla/5.0 (X11; Linux x86_64) AppleWebKit/537.36 (KHTML, like Gecko) Chrome/98.0.4758.80 Safari/537.36"
::1 - - [30/Mar/2022:22:13:57 +0000] "GET /api/articles/latest/articles HTTP/1.1" 200 13438 "http://localhost:3000/" "Mozilla/5.0 (X11; Linux x86_64) AppleWebKit/537.36 (KHTML, like Gecko) Chrome/98.0.4758.80 Safari/537.36"
::1 - - [30/Mar/2022:22:13:57 +0000] "GET /api/articles/latest/likes HTTP/1.1" 200 13438 "http://localhost:3000/" "Mozilla/5.0 (X11; Linux x86_64) AppleWebKit/537.36 (KHTML, like Gecko) Chrome/98.0.4758.80 Safari/537.36"
::1 - - [30/Mar/2022:22:13:57 +0000] "GET /api/articles/latest/views HTTP/1.1" 200 13438 "http://localhost:3000/" "Mozilla/5.0 (X11; Linux x86_64) AppleWebKit/537.36 (KHTML, like Gecko) Chrome/98.0.4758.80 Safari/537.36"
::1 - - [30/Mar/2022:22:13:59 +0000] "GET /api/users/623b8fa826887dd1a7fb87d0 HTTP/1.1" 304 - "http://localhost:3000/" "Mozilla/5.0 (X11; Linux x86_64) AppleWebKit/537.36 (KHTML, like Gecko) Chrome/98.0.4758.80 Safari/537.36"
::1 - - [30/Mar/2022:22:13:59 +0000] "GET /assets/images/pics-8.0000-IMG_20211120_201458.png HTTP/1.1" 304 - "http://localhost:3000/" "Mozilla/5.0 (X11; Linux x86_64) AppleWebKit/537.36 (KHTML, like Gecko) Chrome/98.0.4758.80 Safari/537.36"
::1 - - [30/Mar/2022:22:13:59 +0000] "GET /api/articles/all/like/623b8fa826887dd1a7fb87d0 HTTP/1.1" 200 16 "http://localhost:3000/" "Mozilla/5.0 (X11; Linux x86_64) AppleWebKit/537.36 (KHTML, like Gecko) Chrome/98.0.4758.80 Safari/537.36"
::1 - - [30/Mar/2022:22:13:59 +0000] "GET /api/articles/like/623b8fa826887dd1a7fb87d0 HTTP/1.1" 200 11382 "http://localhost:3000/" "Mozilla/5.0 (X11; Linux x86_64) AppleWebKit/537.36 (KHTML, like Gecko) Chrome/98.0.4758.80 Safari/537.36"
::1 - - [30/Mar/2022:22:14:00 +0000] "GET /api/articles/views/623b8fa826887dd1a7fb87d0 HTTP/1.1" 200 11382 "http://localhost:3000/" "Mozilla/5.0 (X11; Linux x86_64) AppleWebKit/537.36 (KHTML, like Gecko) Chrome/98.0.4758.80 Safari/537.36"
::1 - - [30/Mar/2022:22:14:00 +0000] "GET /api/articles/latest/article/623b8fa826887dd1a7fb87d0 HTTP/1.1" 200 11382 "http://localhost:3000/" "Mozilla/5.0 (X11; Linux x86_64) AppleWebKit/537.36 (KHTML, like Gecko) Chrome/98.0.4758.80 Safari/537.36"
::1 - - [30/Mar/2022:22:14:00 +0000] "GET /api/articles/all/view/623b8fa826887dd1a7fb87d0 HTTP/1.1" 200 16 "http://localhost:3000/" "Mozilla/5.0 (X11; Linux x86_64) AppleWebKit/537.36 (KHTML, like Gecko) Chrome/98.0.4758.80 Safari/537.36"
::1 - - [30/Mar/2022:22:14:00 +0000] "GET /api/articles/all/article/623b8fa826887dd1a7fb87d0 HTTP/1.1" 200 29 "http://localhost:3000/" "Mozilla/5.0 (X11; Linux x86_64) AppleWebKit/537.36 (KHTML, like Gecko) Chrome/98.0.4758.80 Safari/537.36"
::1 - - [30/Mar/2022:22:14:23 +0000] "GET /api/articles/all/view/623b8fa826887dd1a7fb87d0 HTTP/1.1" 304 - "http://localhost:3000/" "Mozilla/5.0 (X11; Linux x86_64) AppleWebKit/537.36 (KHTML, like Gecko) Chrome/98.0.4758.80 Safari/537.36"
::1 - - [30/Mar/2022:22:14:23 +0000] "GET /api/articles/all/article/623b8fa826887dd1a7fb87d0 HTTP/1.1" 304 - "http://localhost:3000/" "Mozilla/5.0 (X11; Linux x86_64) AppleWebKit/537.36 (KHTML, like Gecko) Chrome/98.0.4758.80 Safari/537.36"
::1 - - [30/Mar/2022:22:14:23 +0000] "GET /api/articles/all/like/623b8fa826887dd1a7fb87d0 HTTP/1.1" 304 - "http://localhost:3000/" "Mozilla/5.0 (X11; Linux x86_64) AppleWebKit/537.36 (KHTML, like Gecko) Chrome/98.0.4758.80 Safari/537.36"
::1 - - [30/Mar/2022:22:14:23 +0000] "GET /api/articles/like/623b8fa826887dd1a7fb87d0 HTTP/1.1" 304 - "http://localhost:3000/" "Mozilla/5.0 (X11; Linux x86_64) AppleWebKit/537.36 (KHTML, like Gecko) Chrome/98.0.4758.80 Safari/537.36"
::1 - - [30/Mar/2022:22:14:23 +0000] "GET /api/articles/latest/article/623b8fa826887dd1a7fb87d0 HTTP/1.1" 304 - "http://localhost:3000/" "Mozilla/5.0 (X11; Linux x86_64) AppleWebKit/537.36 (KHTML, like Gecko) Chrome/98.0.4758.80 Safari/537.36"
::1 - - [30/Mar/2022:22:14:23 +0000] "GET /api/articles/views/623b8fa826887dd1a7fb87d0 HTTP/1.1" 304 - "http://localhost:3000/" "Mozilla/5.0 (X11; Linux x86_64) AppleWebKit/537.36 (KHTML, like Gecko) Chrome/98.0.4758.80 Safari/537.36"
::1 - - [30/Mar/2022:22:14:25 +0000] "GET /api/articles/latest/articles HTTP/1.1" 304 - "http://localhost:3000/" "Mozilla/5.0 (X11; Linux x86_64) AppleWebKit/537.36 (KHTML, like Gecko) Chrome/98.0.4758.80 Safari/537.36"
::1 - - [30/Mar/2022:22:14:25 +0000] "GET /api/articles/latest/likes HTTP/1.1" 304 - "http://localhost:3000/" "Mozilla/5.0 (X11; Linux x86_64) AppleWebKit/537.36 (KHTML, like Gecko) Chrome/98.0.4758.80 Safari/537.36"
::1 - - [30/Mar/2022:22:14:25 +0000] "GET /api/articles/latest/views HTTP/1.1" 304 - "http://localhost:3000/" "Mozilla/5.0 (X11; Linux x86_64) AppleWebKit/537.36 (KHTML, like Gecko) Chrome/98.0.4758.80 Safari/537.36"
::1 - - [30/Mar/2022:22:14:29 +0000] "GET /api/users/623b8fa826887dd1a7fb87d0 HTTP/1.1" 304 - "http://localhost:3000/" "Mozilla/5.0 (X11; Linux x86_64) AppleWebKit/537.36 (KHTML, like Gecko) Chrome/98.0.4758.80 Safari/537.36"
::1 - - [30/Mar/2022:22:14:29 +0000] "GET /api/articles/all/view/623b8fa826887dd1a7fb87d0 HTTP/1.1" 304 - "http://localhost:3000/" "Mozilla/5.0 (X11; Linux x86_64) AppleWebKit/537.36 (KHTML, like Gecko) Chrome/98.0.4758.80 Safari/537.36"
::1 - - [30/Mar/2022:22:14:29 +0000] "GET /api/articles/all/article/623b8fa826887dd1a7fb87d0 HTTP/1.1" 304 - "http://localhost:3000/" "Mozilla/5.0 (X11; Linux x86_64) AppleWebKit/537.36 (KHTML, like Gecko) Chrome/98.0.4758.80 Safari/537.36"
::1 - - [30/Mar/2022:22:14:29 +0000] "GET /api/articles/all/like/623b8fa826887dd1a7fb87d0 HTTP/1.1" 304 - "http://localhost:3000/" "Mozilla/5.0 (X11; Linux x86_64) AppleWebKit/537.36 (KHTML, like Gecko) Chrome/98.0.4758.80 Safari/537.36"
::1 - - [30/Mar/2022:22:14:29 +0000] "GET /api/articles/like/623b8fa826887dd1a7fb87d0 HTTP/1.1" 304 - "http://localhost:3000/" "Mozilla/5.0 (X11; Linux x86_64) AppleWebKit/537.36 (KHTML, like Gecko) Chrome/98.0.4758.80 Safari/537.36"
::1 - - [30/Mar/2022:22:14:29 +0000] "GET /api/articles/views/623b8fa826887dd1a7fb87d0 HTTP/1.1" 304 - "http://localhost:3000/" "Mozilla/5.0 (X11; Linux x86_64) AppleWebKit/537.36 (KHTML, like Gecko) Chrome/98.0.4758.80 Safari/537.36"
::1 - - [30/Mar/2022:22:14:29 +0000] "GET /api/articles/latest/article/623b8fa826887dd1a7fb87d0 HTTP/1.1" 304 - "http://localhost:3000/" "Mozilla/5.0 (X11; Linux x86_64) AppleWebKit/537.36 (KHTML, like Gecko) Chrome/98.0.4758.80 Safari/537.36"
::1 - - [30/Mar/2022:22:16:48 +0000] "POST /api/articles HTTP/1.1" 201 107 "http://localhost:3000/" "Mozilla/5.0 (X11; Linux x86_64) AppleWebKit/537.36 (KHTML, like Gecko) Chrome/98.0.4758.80 Safari/537.36"
::1 - - [30/Mar/2022:22:16:48 +0000] "GET /api/articles/latest/likes HTTP/1.1" 200 13943 "http://localhost:3000/" "Mozilla/5.0 (X11; Linux x86_64) AppleWebKit/537.36 (KHTML, like Gecko) Chrome/98.0.4758.80 Safari/537.36"
::1 - - [30/Mar/2022:22:16:48 +0000] "GET /api/articles/latest/articles HTTP/1.1" 200 13943 "http://localhost:3000/" "Mozilla/5.0 (X11; Linux x86_64) AppleWebKit/537.36 (KHTML, like Gecko) Chrome/98.0.4758.80 Safari/537.36"
::1 - - [30/Mar/2022:22:16:49 +0000] "GET /api/articles/latest/views HTTP/1.1" 200 13943 "http://localhost:3000/" "Mozilla/5.0 (X11; Linux x86_64) AppleWebKit/537.36 (KHTML, like Gecko) Chrome/98.0.4758.80 Safari/537.36"
::1 - - [30/Mar/2022:22:16:49 +0000] "GET /assets/images/pics-67.0000-chrome.png HTTP/1.1" 200 24800 "http://localhost:3000/" "Mozilla/5.0 (X11; Linux x86_64) AppleWebKit/537.36 (KHTML, like Gecko) Chrome/98.0.4758.80 Safari/537.36"
::1 - - [30/Mar/2022:22:16:49 +0000] "GET /assets/images/pics-19.0000-linux-ubuntu-gnu-gnulinux-technology-linux-hd-art-wallpaper-preview.jpg HTTP/1.1" 304 - "http://localhost:3000/" "Mozilla/5.0 (X11; Linux x86_64) AppleWebKit/537.36 (KHTML, like Gecko) Chrome/98.0.4758.80 Safari/537.36"
::1 - - [30/Mar/2022:22:16:49 +0000] "GET /assets/images/pics-13.0000-debian-gnome-linux-ubuntu-wallpaper-preview.jpg HTTP/1.1" 304 - "http://localhost:3000/" "Mozilla/5.0 (X11; Linux x86_64) AppleWebKit/537.36 (KHTML, like Gecko) Chrome/98.0.4758.80 Safari/537.36"
::1 - - [30/Mar/2022:22:16:57 +0000] "POST /api/articles/view/6244d6d0f37ea7ac982d540d HTTP/1.1" 201 20 "http://localhost:3000/" "Mozilla/5.0 (X11; Linux x86_64) AppleWebKit/537.36 (KHTML, like Gecko) Chrome/98.0.4758.80 Safari/537.36"
::1 - - [30/Mar/2022:22:16:57 +0000] "GET /undefined HTTP/1.1" 404 148 "http://localhost:3000/" "Mozilla/5.0 (X11; Linux x86_64) AppleWebKit/537.36 (KHTML, like Gecko) Chrome/98.0.4758.80 Safari/537.36"
::1 - - [30/Mar/2022:22:16:57 +0000] "GET /api/articles/6244d6d0f37ea7ac982d540d HTTP/1.1" 200 532 "http://localhost:3000/" "Mozilla/5.0 (X11; Linux x86_64) AppleWebKit/537.36 (KHTML, like Gecko) Chrome/98.0.4758.80 Safari/537.36"
::1 - - [30/Mar/2022:22:17:01 +0000] "DELETE /api/articles/6244d6d0f37ea7ac982d540d HTTP/1.1" 201 40 "http://localhost:3000/" "Mozilla/5.0 (X11; Linux x86_64) AppleWebKit/537.36 (KHTML, like Gecko) Chrome/98.0.4758.80 Safari/537.36"
::1 - - [30/Mar/2022:22:17:01 +0000] "GET /api/articles/latest/articles HTTP/1.1" 200 13438 "http://localhost:3000/" "Mozilla/5.0 (X11; Linux x86_64) AppleWebKit/537.36 (KHTML, like Gecko) Chrome/98.0.4758.80 Safari/537.36"
::1 - - [30/Mar/2022:22:17:01 +0000] "GET /api/articles/latest/likes HTTP/1.1" 200 13438 "http://localhost:3000/" "Mozilla/5.0 (X11; Linux x86_64) AppleWebKit/537.36 (KHTML, like Gecko) Chrome/98.0.4758.80 Safari/537.36"
::1 - - [30/Mar/2022:22:17:01 +0000] "GET /api/articles/latest/views HTTP/1.1" 200 13438 "http://localhost:3000/" "Mozilla/5.0 (X11; Linux x86_64) AppleWebKit/537.36 (KHTML, like Gecko) Chrome/98.0.4758.80 Safari/537.36"
::1 - - [30/Mar/2022:22:17:03 +0000] "GET /api/users/623b8fa826887dd1a7fb87d0 HTTP/1.1" 304 - "http://localhost:3000/" "Mozilla/5.0 (X11; Linux x86_64) AppleWebKit/537.36 (KHTML, like Gecko) Chrome/98.0.4758.80 Safari/537.36"
::1 - - [30/Mar/2022:22:17:04 +0000] "GET /api/articles/all/view/623b8fa826887dd1a7fb87d0 HTTP/1.1" 304 - "http://localhost:3000/" "Mozilla/5.0 (X11; Linux x86_64) AppleWebKit/537.36 (KHTML, like Gecko) Chrome/98.0.4758.80 Safari/537.36"
::1 - - [30/Mar/2022:22:17:04 +0000] "GET /assets/images/pics-8.0000-IMG_20211120_201458.png HTTP/1.1" 304 - "http://localhost:3000/" "Mozilla/5.0 (X11; Linux x86_64) AppleWebKit/537.36 (KHTML, like Gecko) Chrome/98.0.4758.80 Safari/537.36"
::1 - - [30/Mar/2022:22:17:04 +0000] "GET /api/articles/all/like/623b8fa826887dd1a7fb87d0 HTTP/1.1" 304 - "http://localhost:3000/" "Mozilla/5.0 (X11; Linux x86_64) AppleWebKit/537.36 (KHTML, like Gecko) Chrome/98.0.4758.80 Safari/537.36"
::1 - - [30/Mar/2022:22:17:04 +0000] "GET /api/articles/like/623b8fa826887dd1a7fb87d0 HTTP/1.1" 304 - "http://localhost:3000/" "Mozilla/5.0 (X11; Linux x86_64) AppleWebKit/537.36 (KHTML, like Gecko) Chrome/98.0.4758.80 Safari/537.36"
::1 - - [30/Mar/2022:22:17:04 +0000] "GET /api/articles/views/623b8fa826887dd1a7fb87d0 HTTP/1.1" 304 - "http://localhost:3000/" "Mozilla/5.0 (X11; Linux x86_64) AppleWebKit/537.36 (KHTML, like Gecko) Chrome/98.0.4758.80 Safari/537.36"
::1 - - [30/Mar/2022:22:17:04 +0000] "GET /api/articles/latest/article/623b8fa826887dd1a7fb87d0 HTTP/1.1" 304 - "http://localhost:3000/" "Mozilla/5.0 (X11; Linux x86_64) AppleWebKit/537.36 (KHTML, like Gecko) Chrome/98.0.4758.80 Safari/537.36"
::1 - - [30/Mar/2022:22:17:04 +0000] "GET /api/articles/all/article/623b8fa826887dd1a7fb87d0 HTTP/1.1" 304 - "http://localhost:3000/" "Mozilla/5.0 (X11; Linux x86_64) AppleWebKit/537.36 (KHTML, like Gecko) Chrome/98.0.4758.80 Safari/537.36"
::1 - - [30/Mar/2022:22:17:16 +0000] "GET /api/articles/latest/articles HTTP/1.1" 304 - "http://localhost:3000/" "Mozilla/5.0 (X11; Linux x86_64) AppleWebKit/537.36 (KHTML, like Gecko) Chrome/98.0.4758.80 Safari/537.36"
::1 - - [30/Mar/2022:22:17:16 +0000] "GET /api/articles/latest/likes HTTP/1.1" 304 - "http://localhost:3000/" "Mozilla/5.0 (X11; Linux x86_64) AppleWebKit/537.36 (KHTML, like Gecko) Chrome/98.0.4758.80 Safari/537.36"
::1 - - [30/Mar/2022:22:17:16 +0000] "GET /api/articles/latest/views HTTP/1.1" 304 - "http://localhost:3000/" "Mozilla/5.0 (X11; Linux x86_64) AppleWebKit/537.36 (KHTML, like Gecko) Chrome/98.0.4758.80 Safari/537.36"
::1 - - [30/Mar/2022:22:17:19 +0000] "POST /api/articles/view/6242d07e4064ae45267d06c6 HTTP/1.1" 201 20 "http://localhost:3000/" "Mozilla/5.0 (X11; Linux x86_64) AppleWebKit/537.36 (KHTML, like Gecko) Chrome/98.0.4758.80 Safari/537.36"
::1 - - [30/Mar/2022:22:17:20 +0000] "GET /undefined HTTP/1.1" 404 148 "http://localhost:3000/" "Mozilla/5.0 (X11; Linux x86_64) AppleWebKit/537.36 (KHTML, like Gecko) Chrome/98.0.4758.80 Safari/537.36"
::1 - - [30/Mar/2022:22:17:20 +0000] "GET /api/articles/6242d07e4064ae45267d06c6 HTTP/1.1" 200 11399 "http://localhost:3000/" "Mozilla/5.0 (X11; Linux x86_64) AppleWebKit/537.36 (KHTML, like Gecko) Chrome/98.0.4758.80 Safari/537.36"
::1 - - [30/Mar/2022:22:17:24 +0000] "POST /api/articles/like/6242d07e4064ae45267d06c6 HTTP/1.1" 201 20 "http://localhost:3000/" "Mozilla/5.0 (X11; Linux x86_64) AppleWebKit/537.36 (KHTML, like Gecko) Chrome/98.0.4758.80 Safari/537.36"
::1 - - [30/Mar/2022:22:17:25 +0000] "POST /api/articles/like/6242d07e4064ae45267d06c6 HTTP/1.1" 201 20 "http://localhost:3000/" "Mozilla/5.0 (X11; Linux x86_64) AppleWebKit/537.36 (KHTML, like Gecko) Chrome/98.0.4758.80 Safari/537.36"
::1 - - [30/Mar/2022:22:17:28 +0000] "GET /api/articles/latest/articles HTTP/1.1" 200 13438 "http://localhost:3000/" "Mozilla/5.0 (X11; Linux x86_64) AppleWebKit/537.36 (KHTML, like Gecko) Chrome/98.0.4758.80 Safari/537.36"
::1 - - [30/Mar/2022:22:17:28 +0000] "GET /api/articles/latest/likes HTTP/1.1" 200 13438 "http://localhost:3000/" "Mozilla/5.0 (X11; Linux x86_64) AppleWebKit/537.36 (KHTML, like Gecko) Chrome/98.0.4758.80 Safari/537.36"
::1 - - [30/Mar/2022:22:17:28 +0000] "GET /api/articles/latest/views HTTP/1.1" 200 13438 "http://localhost:3000/" "Mozilla/5.0 (X11; Linux x86_64) AppleWebKit/537.36 (KHTML, like Gecko) Chrome/98.0.4758.80 Safari/537.36"
::1 - - [30/Mar/2022:22:17:32 +0000] "GET /api/users/623b8fa826887dd1a7fb87d0 HTTP/1.1" 304 - "http://localhost:3000/" "Mozilla/5.0 (X11; Linux x86_64) AppleWebKit/537.36 (KHTML, like Gecko) Chrome/98.0.4758.80 Safari/537.36"
::1 - - [30/Mar/2022:22:17:32 +0000] "GET /api/articles/all/view/623b8fa826887dd1a7fb87d0 HTTP/1.1" 200 16 "http://localhost:3000/" "Mozilla/5.0 (X11; Linux x86_64) AppleWebKit/537.36 (KHTML, like Gecko) Chrome/98.0.4758.80 Safari/537.36"
::1 - - [30/Mar/2022:22:17:32 +0000] "GET /api/articles/all/article/623b8fa826887dd1a7fb87d0 HTTP/1.1" 304 - "http://localhost:3000/" "Mozilla/5.0 (X11; Linux x86_64) AppleWebKit/537.36 (KHTML, like Gecko) Chrome/98.0.4758.80 Safari/537.36"
::1 - - [30/Mar/2022:22:17:32 +0000] "GET /api/articles/all/like/623b8fa826887dd1a7fb87d0 HTTP/1.1" 200 16 "http://localhost:3000/" "Mozilla/5.0 (X11; Linux x86_64) AppleWebKit/537.36 (KHTML, like Gecko) Chrome/98.0.4758.80 Safari/537.36"
::1 - - [30/Mar/2022:22:17:32 +0000] "GET /api/articles/like/623b8fa826887dd1a7fb87d0 HTTP/1.1" 200 11382 "http://localhost:3000/" "Mozilla/5.0 (X11; Linux x86_64) AppleWebKit/537.36 (KHTML, like Gecko) Chrome/98.0.4758.80 Safari/537.36"
::1 - - [30/Mar/2022:22:17:32 +0000] "GET /api/articles/views/623b8fa826887dd1a7fb87d0 HTTP/1.1" 200 11382 "http://localhost:3000/" "Mozilla/5.0 (X11; Linux x86_64) AppleWebKit/537.36 (KHTML, like Gecko) Chrome/98.0.4758.80 Safari/537.36"
::1 - - [30/Mar/2022:22:17:32 +0000] "GET /api/articles/latest/article/623b8fa826887dd1a7fb87d0 HTTP/1.1" 200 11382 "http://localhost:3000/" "Mozilla/5.0 (X11; Linux x86_64) AppleWebKit/537.36 (KHTML, like Gecko) Chrome/98.0.4758.80 Safari/537.36"
::1 - - [30/Mar/2022:22:21:53 +0000] "GET /api/users/623b8fa826887dd1a7fb87d0 HTTP/1.1" 304 - "http://localhost:3000/" "Mozilla/5.0 (X11; Linux x86_64) AppleWebKit/537.36 (KHTML, like Gecko) Chrome/98.0.4758.80 Safari/537.36"
::1 - - [30/Mar/2022:22:21:53 +0000] "GET /api/articles/all/article/623b8fa826887dd1a7fb87d0 HTTP/1.1" 304 - "http://localhost:3000/" "Mozilla/5.0 (X11; Linux x86_64) AppleWebKit/537.36 (KHTML, like Gecko) Chrome/98.0.4758.80 Safari/537.36"
::1 - - [30/Mar/2022:22:21:53 +0000] "GET /api/articles/all/view/623b8fa826887dd1a7fb87d0 HTTP/1.1" 304 - "http://localhost:3000/" "Mozilla/5.0 (X11; Linux x86_64) AppleWebKit/537.36 (KHTML, like Gecko) Chrome/98.0.4758.80 Safari/537.36"
::1 - - [30/Mar/2022:22:21:53 +0000] "GET /api/articles/like/623b8fa826887dd1a7fb87d0 HTTP/1.1" 304 - "http://localhost:3000/" "Mozilla/5.0 (X11; Linux x86_64) AppleWebKit/537.36 (KHTML, like Gecko) Chrome/98.0.4758.80 Safari/537.36"
::1 - - [30/Mar/2022:22:21:53 +0000] "GET /api/articles/all/like/623b8fa826887dd1a7fb87d0 HTTP/1.1" 304 - "http://localhost:3000/" "Mozilla/5.0 (X11; Linux x86_64) AppleWebKit/537.36 (KHTML, like Gecko) Chrome/98.0.4758.80 Safari/537.36"
::1 - - [30/Mar/2022:22:21:53 +0000] "GET /api/articles/views/623b8fa826887dd1a7fb87d0 HTTP/1.1" 304 - "http://localhost:3000/" "Mozilla/5.0 (X11; Linux x86_64) AppleWebKit/537.36 (KHTML, like Gecko) Chrome/98.0.4758.80 Safari/537.36"
::1 - - [30/Mar/2022:22:21:53 +0000] "GET /api/articles/latest/article/623b8fa826887dd1a7fb87d0 HTTP/1.1" 304 - "http://localhost:3000/" "Mozilla/5.0 (X11; Linux x86_64) AppleWebKit/537.36 (KHTML, like Gecko) Chrome/98.0.4758.80 Safari/537.36"
::1 - - [30/Mar/2022:22:22:02 +0000] "GET /api/drafts HTTP/1.1" 200 30 "http://localhost:3000/" "Mozilla/5.0 (X11; Linux x86_64) AppleWebKit/537.36 (KHTML, like Gecko) Chrome/98.0.4758.80 Safari/537.36"
::1 - - [30/Mar/2022:22:22:07 +0000] "GET /api/users/623b8fa826887dd1a7fb87d0 HTTP/1.1" 304 - "http://localhost:3000/" "Mozilla/5.0 (X11; Linux x86_64) AppleWebKit/537.36 (KHTML, like Gecko) Chrome/98.0.4758.80 Safari/537.36"
::1 - - [30/Mar/2022:22:22:07 +0000] "GET /api/articles/all/view/623b8fa826887dd1a7fb87d0 HTTP/1.1" 304 - "http://localhost:3000/" "Mozilla/5.0 (X11; Linux x86_64) AppleWebKit/537.36 (KHTML, like Gecko) Chrome/98.0.4758.80 Safari/537.36"
::1 - - [30/Mar/2022:22:22:07 +0000] "GET /api/articles/all/article/623b8fa826887dd1a7fb87d0 HTTP/1.1" 304 - "http://localhost:3000/" "Mozilla/5.0 (X11; Linux x86_64) AppleWebKit/537.36 (KHTML, like Gecko) Chrome/98.0.4758.80 Safari/537.36"
::1 - - [30/Mar/2022:22:22:07 +0000] "GET /api/articles/all/like/623b8fa826887dd1a7fb87d0 HTTP/1.1" 304 - "http://localhost:3000/" "Mozilla/5.0 (X11; Linux x86_64) AppleWebKit/537.36 (KHTML, like Gecko) Chrome/98.0.4758.80 Safari/537.36"
::1 - - [30/Mar/2022:22:22:07 +0000] "GET /api/articles/like/623b8fa826887dd1a7fb87d0 HTTP/1.1" 304 - "http://localhost:3000/" "Mozilla/5.0 (X11; Linux x86_64) AppleWebKit/537.36 (KHTML, like Gecko) Chrome/98.0.4758.80 Safari/537.36"
::1 - - [30/Mar/2022:22:22:07 +0000] "GET /api/articles/views/623b8fa826887dd1a7fb87d0 HTTP/1.1" 304 - "http://localhost:3000/" "Mozilla/5.0 (X11; Linux x86_64) AppleWebKit/537.36 (KHTML, like Gecko) Chrome/98.0.4758.80 Safari/537.36"
::1 - - [30/Mar/2022:22:22:07 +0000] "GET /api/articles/latest/article/623b8fa826887dd1a7fb87d0 HTTP/1.1" 304 - "http://localhost:3000/" "Mozilla/5.0 (X11; Linux x86_64) AppleWebKit/537.36 (KHTML, like Gecko) Chrome/98.0.4758.80 Safari/537.36"
::1 - - [30/Mar/2022:22:22:09 +0000] "GET /api/drafts HTTP/1.1" 304 - "http://localhost:3000/" "Mozilla/5.0 (X11; Linux x86_64) AppleWebKit/537.36 (KHTML, like Gecko) Chrome/98.0.4758.80 Safari/537.36"
::1 - - [30/Mar/2022:22:22:28 +0000] "POST /api/drafts HTTP/1.1" 201 20 "http://localhost:3000/" "Mozilla/5.0 (X11; Linux x86_64) AppleWebKit/537.36 (KHTML, like Gecko) Chrome/98.0.4758.80 Safari/537.36"
::1 - - [30/Mar/2022:22:22:28 +0000] "GET /api/users/623b8fa826887dd1a7fb87d0 HTTP/1.1" 304 - "http://localhost:3000/" "Mozilla/5.0 (X11; Linux x86_64) AppleWebKit/537.36 (KHTML, like Gecko) Chrome/98.0.4758.80 Safari/537.36"
::1 - - [30/Mar/2022:22:22:29 +0000] "GET /api/articles/all/view/623b8fa826887dd1a7fb87d0 HTTP/1.1" 304 - "http://localhost:3000/" "Mozilla/5.0 (X11; Linux x86_64) AppleWebKit/537.36 (KHTML, like Gecko) Chrome/98.0.4758.80 Safari/537.36"
::1 - - [30/Mar/2022:22:22:29 +0000] "GET /api/articles/all/article/623b8fa826887dd1a7fb87d0 HTTP/1.1" 304 - "http://localhost:3000/" "Mozilla/5.0 (X11; Linux x86_64) AppleWebKit/537.36 (KHTML, like Gecko) Chrome/98.0.4758.80 Safari/537.36"
::1 - - [30/Mar/2022:22:22:29 +0000] "GET /api/articles/all/like/623b8fa826887dd1a7fb87d0 HTTP/1.1" 304 - "http://localhost:3000/" "Mozilla/5.0 (X11; Linux x86_64) AppleWebKit/537.36 (KHTML, like Gecko) Chrome/98.0.4758.80 Safari/537.36"
::1 - - [30/Mar/2022:22:22:29 +0000] "GET /api/articles/like/623b8fa826887dd1a7fb87d0 HTTP/1.1" 304 - "http://localhost:3000/" "Mozilla/5.0 (X11; Linux x86_64) AppleWebKit/537.36 (KHTML, like Gecko) Chrome/98.0.4758.80 Safari/537.36"
::1 - - [30/Mar/2022:22:22:29 +0000] "GET /api/articles/views/623b8fa826887dd1a7fb87d0 HTTP/1.1" 304 - "http://localhost:3000/" "Mozilla/5.0 (X11; Linux x86_64) AppleWebKit/537.36 (KHTML, like Gecko) Chrome/98.0.4758.80 Safari/537.36"
::1 - - [30/Mar/2022:22:22:29 +0000] "GET /api/articles/latest/article/623b8fa826887dd1a7fb87d0 HTTP/1.1" 304 - "http://localhost:3000/" "Mozilla/5.0 (X11; Linux x86_64) AppleWebKit/537.36 (KHTML, like Gecko) Chrome/98.0.4758.80 Safari/537.36"
::1 - - [30/Mar/2022:22:22:29 +0000] "GET /assets/images/pics-8.0000-IMG_20211120_201458.png HTTP/1.1" 304 - "http://localhost:3000/" "Mozilla/5.0 (X11; Linux x86_64) AppleWebKit/537.36 (KHTML, like Gecko) Chrome/98.0.4758.80 Safari/537.36"
::1 - - [30/Mar/2022:22:22:32 +0000] "GET /api/drafts HTTP/1.1" 200 425 "http://localhost:3000/" "Mozilla/5.0 (X11; Linux x86_64) AppleWebKit/537.36 (KHTML, like Gecko) Chrome/98.0.4758.80 Safari/537.36"
::1 - - [30/Mar/2022:22:22:44 +0000] "GET /api/users/623b8fa826887dd1a7fb87d0 HTTP/1.1" 304 - "http://localhost:3000/" "Mozilla/5.0 (X11; Linux x86_64) AppleWebKit/537.36 (KHTML, like Gecko) Chrome/98.0.4758.80 Safari/537.36"
::1 - - [30/Mar/2022:22:22:45 +0000] "GET /api/articles/all/view/623b8fa826887dd1a7fb87d0 HTTP/1.1" 304 - "http://localhost:3000/" "Mozilla/5.0 (X11; Linux x86_64) AppleWebKit/537.36 (KHTML, like Gecko) Chrome/98.0.4758.80 Safari/537.36"
::1 - - [30/Mar/2022:22:22:45 +0000] "GET /api/articles/all/like/623b8fa826887dd1a7fb87d0 HTTP/1.1" 304 - "http://localhost:3000/" "Mozilla/5.0 (X11; Linux x86_64) AppleWebKit/537.36 (KHTML, like Gecko) Chrome/98.0.4758.80 Safari/537.36"
::1 - - [30/Mar/2022:22:22:45 +0000] "GET /api/articles/like/623b8fa826887dd1a7fb87d0 HTTP/1.1" 304 - "http://localhost:3000/" "Mozilla/5.0 (X11; Linux x86_64) AppleWebKit/537.36 (KHTML, like Gecko) Chrome/98.0.4758.80 Safari/537.36"
::1 - - [30/Mar/2022:22:22:45 +0000] "GET /api/articles/all/article/623b8fa826887dd1a7fb87d0 HTTP/1.1" 304 - "http://localhost:3000/" "Mozilla/5.0 (X11; Linux x86_64) AppleWebKit/537.36 (KHTML, like Gecko) Chrome/98.0.4758.80 Safari/537.36"
::1 - - [30/Mar/2022:22:22:45 +0000] "GET /api/articles/views/623b8fa826887dd1a7fb87d0 HTTP/1.1" 304 - "http://localhost:3000/" "Mozilla/5.0 (X11; Linux x86_64) AppleWebKit/537.36 (KHTML, like Gecko) Chrome/98.0.4758.80 Safari/537.36"
::1 - - [30/Mar/2022:22:22:45 +0000] "GET /api/articles/latest/article/623b8fa826887dd1a7fb87d0 HTTP/1.1" 304 - "http://localhost:3000/" "Mozilla/5.0 (X11; Linux x86_64) AppleWebKit/537.36 (KHTML, like Gecko) Chrome/98.0.4758.80 Safari/537.36"
::1 - - [30/Mar/2022:22:23:21 +0000] "POST /api/auth HTTP/1.1" 201 263 "http://localhost:3000/" "Mozilla/5.0 (X11; Linux x86_64) AppleWebKit/537.36 (KHTML, like Gecko) Chrome/98.0.4758.80 Safari/537.36"
::1 - - [30/Mar/2022:22:23:21 +0000] "GET /api/articles/latest/articles HTTP/1.1" 304 - "http://localhost:3000/" "Mozilla/5.0 (X11; Linux x86_64) AppleWebKit/537.36 (KHTML, like Gecko) Chrome/98.0.4758.80 Safari/537.36"
::1 - - [30/Mar/2022:22:23:21 +0000] "GET /api/articles/latest/likes HTTP/1.1" 304 - "http://localhost:3000/" "Mozilla/5.0 (X11; Linux x86_64) AppleWebKit/537.36 (KHTML, like Gecko) Chrome/98.0.4758.80 Safari/537.36"
::1 - - [30/Mar/2022:22:23:21 +0000] "GET /api/articles/latest/views HTTP/1.1" 304 - "http://localhost:3000/" "Mozilla/5.0 (X11; Linux x86_64) AppleWebKit/537.36 (KHTML, like Gecko) Chrome/98.0.4758.80 Safari/537.36"
::1 - - [30/Mar/2022:22:23:21 +0000] "GET /assets/images/pics-19.0000-linux-ubuntu-gnu-gnulinux-technology-linux-hd-art-wallpaper-preview.jpg HTTP/1.1" 304 - "http://localhost:3000/" "Mozilla/5.0 (X11; Linux x86_64) AppleWebKit/537.36 (KHTML, like Gecko) Chrome/98.0.4758.80 Safari/537.36"
::1 - - [30/Mar/2022:22:23:21 +0000] "GET /assets/images/pics-13.0000-debian-gnome-linux-ubuntu-wallpaper-preview.jpg HTTP/1.1" 304 - "http://localhost:3000/" "Mozilla/5.0 (X11; Linux x86_64) AppleWebKit/537.36 (KHTML, like Gecko) Chrome/98.0.4758.80 Safari/537.36"
::1 - - [30/Mar/2022:22:23:25 +0000] "GET /api/users/6244d859f37ea7ac982d5456 HTTP/1.1" 200 291 "http://localhost:3000/" "Mozilla/5.0 (X11; Linux x86_64) AppleWebKit/537.36 (KHTML, like Gecko) Chrome/98.0.4758.80 Safari/537.36"
::1 - - [30/Mar/2022:22:24:11 +0000] "POST /api/users HTTP/1.1" 201 248 "http://localhost:3000/" "Mozilla/5.0 (X11; Linux x86_64) AppleWebKit/537.36 (KHTML, like Gecko) Chrome/98.0.4758.80 Safari/537.36"
::1 - - [30/Mar/2022:22:24:28 +0000] "GET /api/users/6244d859f37ea7ac982d5456 HTTP/1.1" 200 424 "http://localhost:3000/" "Mozilla/5.0 (X11; Linux x86_64) AppleWebKit/537.36 (KHTML, like Gecko) Chrome/98.0.4758.80 Safari/537.36"
::1 - - [30/Mar/2022:22:24:28 +0000] "GET /assets/images/pics-67.0000-hack2.jpeg HTTP/1.1" 200 7164 "http://localhost:3000/" "Mozilla/5.0 (X11; Linux x86_64) AppleWebKit/537.36 (KHTML, like Gecko) Chrome/98.0.4758.80 Safari/537.36"
::1 - - [30/Mar/2022:22:24:28 +0000] "GET /api/articles/all/view/6244d859f37ea7ac982d5456 HTTP/1.1" 200 16 "http://localhost:3000/" "Mozilla/5.0 (X11; Linux x86_64) AppleWebKit/537.36 (KHTML, like Gecko) Chrome/98.0.4758.80 Safari/537.36"
::1 - - [30/Mar/2022:22:24:28 +0000] "GET /api/articles/all/article/6244d859f37ea7ac982d5456 HTTP/1.1" 200 29 "http://localhost:3000/" "Mozilla/5.0 (X11; Linux x86_64) AppleWebKit/537.36 (KHTML, like Gecko) Chrome/98.0.4758.80 Safari/537.36"
::1 - - [30/Mar/2022:22:24:28 +0000] "GET /api/articles/like/6244d859f37ea7ac982d5456 HTTP/1.1" 200 11 "http://localhost:3000/" "Mozilla/5.0 (X11; Linux x86_64) AppleWebKit/537.36 (KHTML, like Gecko) Chrome/98.0.4758.80 Safari/537.36"
::1 - - [30/Mar/2022:22:24:28 +0000] "GET /api/articles/all/like/6244d859f37ea7ac982d5456 HTTP/1.1" 200 16 "http://localhost:3000/" "Mozilla/5.0 (X11; Linux x86_64) AppleWebKit/537.36 (KHTML, like Gecko) Chrome/98.0.4758.80 Safari/537.36"
::1 - - [30/Mar/2022:22:24:28 +0000] "GET /api/articles/views/6244d859f37ea7ac982d5456 HTTP/1.1" 200 11 "http://localhost:3000/" "Mozilla/5.0 (X11; Linux x86_64) AppleWebKit/537.36 (KHTML, like Gecko) Chrome/98.0.4758.80 Safari/537.36"
::1 - - [30/Mar/2022:22:24:29 +0000] "GET /api/articles/latest/article/6244d859f37ea7ac982d5456 HTTP/1.1" 200 11 "http://localhost:3000/" "Mozilla/5.0 (X11; Linux x86_64) AppleWebKit/537.36 (KHTML, like Gecko) Chrome/98.0.4758.80 Safari/537.36"
::1 - - [30/Mar/2022:22:24:49 +0000] "DELETE /api/users/6244d859f37ea7ac982d5456 HTTP/1.1" 201 20 "http://localhost:3000/" "Mozilla/5.0 (X11; Linux x86_64) AppleWebKit/537.36 (KHTML, like Gecko) Chrome/98.0.4758.80 Safari/537.36"
::1 - - [30/Mar/2022:22:25:12 +0000] "POST /api/auth/signin HTTP/1.1" 403 48 "http://localhost:3000/" "Mozilla/5.0 (X11; Linux x86_64) AppleWebKit/537.36 (KHTML, like Gecko) Chrome/98.0.4758.80 Safari/537.36"
::1 - - [30/Mar/2022:22:25:32 +0000] "POST /api/auth HTTP/1.1" 201 263 "http://localhost:3000/" "Mozilla/5.0 (X11; Linux x86_64) AppleWebKit/537.36 (KHTML, like Gecko) Chrome/98.0.4758.80 Safari/537.36"
::1 - - [30/Mar/2022:22:25:32 +0000] "GET /api/articles/latest/likes HTTP/1.1" 304 - "http://localhost:3000/" "Mozilla/5.0 (X11; Linux x86_64) AppleWebKit/537.36 (KHTML, like Gecko) Chrome/98.0.4758.80 Safari/537.36"
::1 - - [30/Mar/2022:22:25:32 +0000] "GET /api/articles/latest/articles HTTP/1.1" 304 - "http://localhost:3000/" "Mozilla/5.0 (X11; Linux x86_64) AppleWebKit/537.36 (KHTML, like Gecko) Chrome/98.0.4758.80 Safari/537.36"
::1 - - [30/Mar/2022:22:25:32 +0000] "GET /api/articles/latest/views HTTP/1.1" 304 - "http://localhost:3000/" "Mozilla/5.0 (X11; Linux x86_64) AppleWebKit/537.36 (KHTML, like Gecko) Chrome/98.0.4758.80 Safari/537.36"
::1 - - [30/Mar/2022:22:25:32 +0000] "GET /assets/images/pics-19.0000-linux-ubuntu-gnu-gnulinux-technology-linux-hd-art-wallpaper-preview.jpg HTTP/1.1" 304 - "http://localhost:3000/" "Mozilla/5.0 (X11; Linux x86_64) AppleWebKit/537.36 (KHTML, like Gecko) Chrome/98.0.4758.80 Safari/537.36"
::1 - - [30/Mar/2022:22:25:32 +0000] "GET /assets/images/pics-13.0000-debian-gnome-linux-ubuntu-wallpaper-preview.jpg HTTP/1.1" 304 - "http://localhost:3000/" "Mozilla/5.0 (X11; Linux x86_64) AppleWebKit/537.36 (KHTML, like Gecko) Chrome/98.0.4758.80 Safari/537.36"
::1 - - [30/Mar/2022:22:25:37 +0000] "GET /api/users/6244d8dcf37ea7ac982d5468 HTTP/1.1" 200 291 "http://localhost:3000/" "Mozilla/5.0 (X11; Linux x86_64) AppleWebKit/537.36 (KHTML, like Gecko) Chrome/98.0.4758.80 Safari/537.36"
::1 - - [30/Mar/2022:22:25:44 +0000] "DELETE /api/users/6244d8dcf37ea7ac982d5468 HTTP/1.1" 201 20 "http://localhost:3000/" "Mozilla/5.0 (X11; Linux x86_64) AppleWebKit/537.36 (KHTML, like Gecko) Chrome/98.0.4758.80 Safari/537.36"
::1 - - [30/Mar/2022:22:25:53 +0000] "POST /api/auth HTTP/1.1" 403 54 "http://localhost:3000/" "Mozilla/5.0 (X11; Linux x86_64) AppleWebKit/537.36 (KHTML, like Gecko) Chrome/98.0.4758.80 Safari/537.36"
::1 - - [30/Mar/2022:22:26:02 +0000] "POST /api/auth/signin HTTP/1.1" 200 265 "http://localhost:3000/" "Mozilla/5.0 (X11; Linux x86_64) AppleWebKit/537.36 (KHTML, like Gecko) Chrome/98.0.4758.80 Safari/537.36"
::1 - - [30/Mar/2022:22:26:02 +0000] "GET /api/articles/latest/articles HTTP/1.1" 304 - "http://localhost:3000/" "Mozilla/5.0 (X11; Linux x86_64) AppleWebKit/537.36 (KHTML, like Gecko) Chrome/98.0.4758.80 Safari/537.36"
::1 - - [30/Mar/2022:22:26:02 +0000] "GET /api/articles/latest/likes HTTP/1.1" 304 - "http://localhost:3000/" "Mozilla/5.0 (X11; Linux x86_64) AppleWebKit/537.36 (KHTML, like Gecko) Chrome/98.0.4758.80 Safari/537.36"
::1 - - [30/Mar/2022:22:26:02 +0000] "GET /api/articles/latest/views HTTP/1.1" 304 - "http://localhost:3000/" "Mozilla/5.0 (X11; Linux x86_64) AppleWebKit/537.36 (KHTML, like Gecko) Chrome/98.0.4758.80 Safari/537.36"
::1 - - [30/Mar/2022:22:26:02 +0000] "GET /assets/images/pics-13.0000-debian-gnome-linux-ubuntu-wallpaper-preview.jpg HTTP/1.1" 304 - "http://localhost:3000/" "Mozilla/5.0 (X11; Linux x86_64) AppleWebKit/537.36 (KHTML, like Gecko) Chrome/98.0.4758.80 Safari/537.36"
::1 - - [30/Mar/2022:22:26:02 +0000] "GET /assets/images/pics-19.0000-linux-ubuntu-gnu-gnulinux-technology-linux-hd-art-wallpaper-preview.jpg HTTP/1.1" 304 - "http://localhost:3000/" "Mozilla/5.0 (X11; Linux x86_64) AppleWebKit/537.36 (KHTML, like Gecko) Chrome/98.0.4758.80 Safari/537.36"
::1 - - [30/Mar/2022:22:26:21 +0000] "POST /api/articles/view/6242d07e4064ae45267d06c6 HTTP/1.1" 201 20 "http://localhost:3000/" "Mozilla/5.0 (X11; Linux x86_64) AppleWebKit/537.36 (KHTML, like Gecko) Chrome/98.0.4758.80 Safari/537.36"
::1 - - [30/Mar/2022:22:26:21 +0000] "GET /undefined HTTP/1.1" 404 148 "http://localhost:3000/" "Mozilla/5.0 (X11; Linux x86_64) AppleWebKit/537.36 (KHTML, like Gecko) Chrome/98.0.4758.80 Safari/537.36"
::1 - - [30/Mar/2022:22:26:22 +0000] "GET /api/articles/6242d07e4064ae45267d06c6 HTTP/1.1" 200 11399 "http://localhost:3000/" "Mozilla/5.0 (X11; Linux x86_64) AppleWebKit/537.36 (KHTML, like Gecko) Chrome/98.0.4758.80 Safari/537.36"
::1 - - [30/Mar/2022:22:26:27 +0000] "DELETE /api/articles/6242d07e4064ae45267d06c6 HTTP/1.1" 201 40 "http://localhost:3000/" "Mozilla/5.0 (X11; Linux x86_64) AppleWebKit/537.36 (KHTML, like Gecko) Chrome/98.0.4758.80 Safari/537.36"
::1 - - [30/Mar/2022:22:26:27 +0000] "GET /api/articles/latest/articles HTTP/1.1" 200 2066 "http://localhost:3000/" "Mozilla/5.0 (X11; Linux x86_64) AppleWebKit/537.36 (KHTML, like Gecko) Chrome/98.0.4758.80 Safari/537.36"
::1 - - [30/Mar/2022:22:26:27 +0000] "GET /api/articles/latest/likes HTTP/1.1" 200 2066 "http://localhost:3000/" "Mozilla/5.0 (X11; Linux x86_64) AppleWebKit/537.36 (KHTML, like Gecko) Chrome/98.0.4758.80 Safari/537.36"
::1 - - [30/Mar/2022:22:26:27 +0000] "GET /api/articles/latest/views HTTP/1.1" 200 2066 "http://localhost:3000/" "Mozilla/5.0 (X11; Linux x86_64) AppleWebKit/537.36 (KHTML, like Gecko) Chrome/98.0.4758.80 Safari/537.36"
::1 - - [30/Mar/2022:22:26:48 +0000] "POST /api/auth/signin HTTP/1.1" 200 265 "http://localhost:3000/" "Mozilla/5.0 (X11; Linux x86_64) AppleWebKit/537.36 (KHTML, like Gecko) Chrome/98.0.4758.80 Safari/537.36"
::1 - - [30/Mar/2022:22:26:48 +0000] "GET /api/articles/latest/articles HTTP/1.1" 304 - "http://localhost:3000/" "Mozilla/5.0 (X11; Linux x86_64) AppleWebKit/537.36 (KHTML, like Gecko) Chrome/98.0.4758.80 Safari/537.36"
::1 - - [30/Mar/2022:22:26:48 +0000] "GET /api/articles/latest/likes HTTP/1.1" 304 - "http://localhost:3000/" "Mozilla/5.0 (X11; Linux x86_64) AppleWebKit/537.36 (KHTML, like Gecko) Chrome/98.0.4758.80 Safari/537.36"
::1 - - [30/Mar/2022:22:26:48 +0000] "GET /api/articles/latest/views HTTP/1.1" 304 - "http://localhost:3000/" "Mozilla/5.0 (X11; Linux x86_64) AppleWebKit/537.36 (KHTML, like Gecko) Chrome/98.0.4758.80 Safari/537.36"
::1 - - [30/Mar/2022:22:26:50 +0000] "POST /api/articles/view/6242e5edfc0fb95cf6972e3d HTTP/1.1" 201 20 "http://localhost:3000/" "Mozilla/5.0 (X11; Linux x86_64) AppleWebKit/537.36 (KHTML, like Gecko) Chrome/98.0.4758.80 Safari/537.36"
::1 - - [30/Mar/2022:22:26:50 +0000] "GET /undefined HTTP/1.1" 404 148 "http://localhost:3000/" "Mozilla/5.0 (X11; Linux x86_64) AppleWebKit/537.36 (KHTML, like Gecko) Chrome/98.0.4758.80 Safari/537.36"
::1 - - [30/Mar/2022:22:26:51 +0000] "GET /api/articles/6242e5edfc0fb95cf6972e3d HTTP/1.1" 200 2064 "http://localhost:3000/" "Mozilla/5.0 (X11; Linux x86_64) AppleWebKit/537.36 (KHTML, like Gecko) Chrome/98.0.4758.80 Safari/537.36"
::1 - - [30/Mar/2022:22:26:54 +0000] "DELETE /api/articles/6242e5edfc0fb95cf6972e3d HTTP/1.1" 201 40 "http://localhost:3000/" "Mozilla/5.0 (X11; Linux x86_64) AppleWebKit/537.36 (KHTML, like Gecko) Chrome/98.0.4758.80 Safari/537.36"
::1 - - [30/Mar/2022:22:26:55 +0000] "GET /api/articles/latest/likes HTTP/1.1" 200 30 "http://localhost:3000/" "Mozilla/5.0 (X11; Linux x86_64) AppleWebKit/537.36 (KHTML, like Gecko) Chrome/98.0.4758.80 Safari/537.36"
::1 - - [30/Mar/2022:22:26:55 +0000] "GET /api/articles/latest/views HTTP/1.1" 200 30 "http://localhost:3000/" "Mozilla/5.0 (X11; Linux x86_64) AppleWebKit/537.36 (KHTML, like Gecko) Chrome/98.0.4758.80 Safari/537.36"
::1 - - [30/Mar/2022:22:26:55 +0000] "GET /api/articles/latest/articles HTTP/1.1" 200 30 "http://localhost:3000/" "Mozilla/5.0 (X11; Linux x86_64) AppleWebKit/537.36 (KHTML, like Gecko) Chrome/98.0.4758.80 Safari/537.36"
::1 - - [30/Mar/2022:22:27:03 +0000] "GET /api/articles/education HTTP/1.1" 200 30 "http://localhost:3000/" "Mozilla/5.0 (X11; Linux x86_64) AppleWebKit/537.36 (KHTML, like Gecko) Chrome/98.0.4758.80 Safari/537.36"
::1 - - [30/Mar/2022:22:27:03 +0000] "GET /api/articles/tech HTTP/1.1" 304 - "http://localhost:3000/" "Mozilla/5.0 (X11; Linux x86_64) AppleWebKit/537.36 (KHTML, like Gecko) Chrome/98.0.4758.80 Safari/537.36"
::1 - - [30/Mar/2022:22:27:05 +0000] "GET /api/articles/entertainment HTTP/1.1" 200 30 "http://localhost:3000/" "Mozilla/5.0 (X11; Linux x86_64) AppleWebKit/537.36 (KHTML, like Gecko) Chrome/98.0.4758.80 Safari/537.36"
::1 - - [30/Mar/2022:22:27:07 +0000] "GET /api/articles/sport HTTP/1.1" 200 30 "http://localhost:3000/" "Mozilla/5.0 (X11; Linux x86_64) AppleWebKit/537.36 (KHTML, like Gecko) Chrome/98.0.4758.80 Safari/537.36"
::1 - - [30/Mar/2022:22:27:12 +0000] "GET /api/articles/sport HTTP/1.1" 304 - "http://localhost:3000/" "Mozilla/5.0 (X11; Linux x86_64) AppleWebKit/537.36 (KHTML, like Gecko) Chrome/98.0.4758.80 Safari/537.36"
::1 - - [30/Mar/2022:22:27:12 +0000] "GET /api/articles/entertainment HTTP/1.1" 304 - "http://localhost:3000/" "Mozilla/5.0 (X11; Linux x86_64) AppleWebKit/537.36 (KHTML, like Gecko) Chrome/98.0.4758.80 Safari/537.36"
::1 - - [30/Mar/2022:22:27:13 +0000] "GET /api/articles/tech HTTP/1.1" 304 - "http://localhost:3000/" "Mozilla/5.0 (X11; Linux x86_64) AppleWebKit/537.36 (KHTML, like Gecko) Chrome/98.0.4758.80 Safari/537.36"
::1 - - [30/Mar/2022:22:27:14 +0000] "GET /api/articles/education HTTP/1.1" 304 - "http://localhost:3000/" "Mozilla/5.0 (X11; Linux x86_64) AppleWebKit/537.36 (KHTML, like Gecko) Chrome/98.0.4758.80 Safari/537.36"
::1 - - [30/Mar/2022:22:27:18 +0000] "GET /api/users/6240dc2a7a72e26464204a4e HTTP/1.1" 304 - "http://localhost:3000/" "Mozilla/5.0 (X11; Linux x86_64) AppleWebKit/537.36 (KHTML, like Gecko) Chrome/98.0.4758.80 Safari/537.36"
::1 - - [30/Mar/2022:22:27:18 +0000] "GET /api/admin/total/editors HTTP/1.1" 400 17 "http://localhost:3000/" "Mozilla/5.0 (X11; Linux x86_64) AppleWebKit/537.36 (KHTML, like Gecko) Chrome/98.0.4758.80 Safari/537.36"
::1 - - [30/Mar/2022:22:27:19 +0000] "GET /assets/images/pics-30.0000-IMG_20210703_161532.jpg HTTP/1.1" 304 - "http://localhost:3000/" "Mozilla/5.0 (X11; Linux x86_64) AppleWebKit/537.36 (KHTML, like Gecko) Chrome/98.0.4758.80 Safari/537.36"
::1 - - [30/Mar/2022:22:27:19 +0000] "GET /api/admin/total/articles HTTP/1.1" 400 17 "http://localhost:3000/" "Mozilla/5.0 (X11; Linux x86_64) AppleWebKit/537.36 (KHTML, like Gecko) Chrome/98.0.4758.80 Safari/537.36"
::1 - - [30/Mar/2022:22:27:19 +0000] "GET /api/articles/all/view/6240dc2a7a72e26464204a4e HTTP/1.1" 200 16 "http://localhost:3000/" "Mozilla/5.0 (X11; Linux x86_64) AppleWebKit/537.36 (KHTML, like Gecko) Chrome/98.0.4758.80 Safari/537.36"
::1 - - [30/Mar/2022:22:27:19 +0000] "GET /api/admin/total/authors HTTP/1.1" 304 - "http://localhost:3000/" "Mozilla/5.0 (X11; Linux x86_64) AppleWebKit/537.36 (KHTML, like Gecko) Chrome/98.0.4758.80 Safari/537.36"
::1 - - [30/Mar/2022:22:27:19 +0000] "GET /api/admin/author/article/most HTTP/1.1" 304 - "http://localhost:3000/" "Mozilla/5.0 (X11; Linux x86_64) AppleWebKit/537.36 (KHTML, like Gecko) Chrome/98.0.4758.80 Safari/537.36"
::1 - - [30/Mar/2022:22:27:19 +0000] "GET /api/articles/all/article/6240dc2a7a72e26464204a4e HTTP/1.1" 200 29 "http://localhost:3000/" "Mozilla/5.0 (X11; Linux x86_64) AppleWebKit/537.36 (KHTML, like Gecko) Chrome/98.0.4758.80 Safari/537.36"
::1 - - [30/Mar/2022:22:27:19 +0000] "GET /api/articles/all/like/6240dc2a7a72e26464204a4e HTTP/1.1" 304 - "http://localhost:3000/" "Mozilla/5.0 (X11; Linux x86_64) AppleWebKit/537.36 (KHTML, like Gecko) Chrome/98.0.4758.80 Safari/537.36"
::1 - - [30/Mar/2022:22:27:32 +0000] "GET /api/admin/request HTTP/1.1" 304 - "http://localhost:3000/" "Mozilla/5.0 (X11; Linux x86_64) AppleWebKit/537.36 (KHTML, like Gecko) Chrome/98.0.4758.80 Safari/537.36"
::1 - - [30/Mar/2022:22:27:32 +0000] "GET /undefined%7D HTTP/1.1" 404 151 "http://localhost:3000/" "Mozilla/5.0 (X11; Linux x86_64) AppleWebKit/537.36 (KHTML, like Gecko) Chrome/98.0.4758.80 Safari/537.36"
::1 - - [30/Mar/2022:22:27:36 +0000] "GET /api/users HTTP/1.1" 200 3280 "http://localhost:3000/" "Mozilla/5.0 (X11; Linux x86_64) AppleWebKit/537.36 (KHTML, like Gecko) Chrome/98.0.4758.80 Safari/537.36"
::1 - - [30/Mar/2022:22:27:36 +0000] "GET /assets/images/pics-53.0000-chrome.png HTTP/1.1" 304 - "http://localhost:3000/" "Mozilla/5.0 (X11; Linux x86_64) AppleWebKit/537.36 (KHTML, like Gecko) Chrome/98.0.4758.80 Safari/537.36"
::1 - - [30/Mar/2022:22:27:36 +0000] "GET /assets/images/pics-55.0000-facebook.png HTTP/1.1" 304 - "http://localhost:3000/" "Mozilla/5.0 (X11; Linux x86_64) AppleWebKit/537.36 (KHTML, like Gecko) Chrome/98.0.4758.80 Safari/537.36"
::1 - - [30/Mar/2022:22:27:36 +0000] "GET /assets/images/pics-24.0000-IMG_20210921_121748.jpg HTTP/1.1" 304 - "http://localhost:3000/" "Mozilla/5.0 (X11; Linux x86_64) AppleWebKit/537.36 (KHTML, like Gecko) Chrome/98.0.4758.80 Safari/537.36"
::1 - - [30/Mar/2022:22:27:36 +0000] "GET /assets/images/pics-29.0000-facebook%20(1).png HTTP/1.1" 304 - "http://localhost:3000/" "Mozilla/5.0 (X11; Linux x86_64) AppleWebKit/537.36 (KHTML, like Gecko) Chrome/98.0.4758.80 Safari/537.36"
::1 - - [30/Mar/2022:22:27:36 +0000] "GET /assets/images/pics-8.0000-IMG_20211120_201458.png HTTP/1.1" 304 - "http://localhost:3000/" "Mozilla/5.0 (X11; Linux x86_64) AppleWebKit/537.36 (KHTML, like Gecko) Chrome/98.0.4758.80 Safari/537.36"
::1 - - [30/Mar/2022:22:27:36 +0000] "GET /assets/images/pics-47.0000-IMG_20211211_161214~2.jpg HTTP/1.1" 304 - "http://localhost:3000/" "Mozilla/5.0 (X11; Linux x86_64) AppleWebKit/537.36 (KHTML, like Gecko) Chrome/98.0.4758.80 Safari/537.36"
::1 - - [30/Mar/2022:22:27:36 +0000] "GET /assets/images/pics-23.0000-IMG_20211210_170034.jpg HTTP/1.1" 304 - "http://localhost:3000/" "Mozilla/5.0 (X11; Linux x86_64) AppleWebKit/537.36 (KHTML, like Gecko) Chrome/98.0.4758.80 Safari/537.36"
::1 - - [30/Mar/2022:22:27:45 +0000] "GET /api/users/6240dc2a7a72e26464204a4e HTTP/1.1" 304 - "http://localhost:3000/" "Mozilla/5.0 (X11; Linux x86_64) AppleWebKit/537.36 (KHTML, like Gecko) Chrome/98.0.4758.80 Safari/537.36"
::1 - - [30/Mar/2022:22:27:46 +0000] "GET /api/admin/total/articles HTTP/1.1" 400 17 "http://localhost:3000/" "Mozilla/5.0 (X11; Linux x86_64) AppleWebKit/537.36 (KHTML, like Gecko) Chrome/98.0.4758.80 Safari/537.36"
::1 - - [30/Mar/2022:22:27:46 +0000] "GET /api/admin/total/editors HTTP/1.1" 400 17 "http://localhost:3000/" "Mozilla/5.0 (X11; Linux x86_64) AppleWebKit/537.36 (KHTML, like Gecko) Chrome/98.0.4758.80 Safari/537.36"
::1 - - [30/Mar/2022:22:27:46 +0000] "GET /api/admin/total/authors HTTP/1.1" 304 - "http://localhost:3000/" "Mozilla/5.0 (X11; Linux x86_64) AppleWebKit/537.36 (KHTML, like Gecko) Chrome/98.0.4758.80 Safari/537.36"
::1 - - [30/Mar/2022:22:27:46 +0000] "GET /api/admin/author/article/most HTTP/1.1" 304 - "http://localhost:3000/" "Mozilla/5.0 (X11; Linux x86_64) AppleWebKit/537.36 (KHTML, like Gecko) Chrome/98.0.4758.80 Safari/537.36"
::1 - - [30/Mar/2022:22:27:46 +0000] "GET /api/articles/all/view/6240dc2a7a72e26464204a4e HTTP/1.1" 304 - "http://localhost:3000/" "Mozilla/5.0 (X11; Linux x86_64) AppleWebKit/537.36 (KHTML, like Gecko) Chrome/98.0.4758.80 Safari/537.36"
::1 - - [30/Mar/2022:22:27:46 +0000] "GET /api/articles/all/article/6240dc2a7a72e26464204a4e HTTP/1.1" 304 - "http://localhost:3000/" "Mozilla/5.0 (X11; Linux x86_64) AppleWebKit/537.36 (KHTML, like Gecko) Chrome/98.0.4758.80 Safari/537.36"
::1 - - [30/Mar/2022:22:27:46 +0000] "GET /api/articles/all/like/6240dc2a7a72e26464204a4e HTTP/1.1" 304 - "http://localhost:3000/" "Mozilla/5.0 (X11; Linux x86_64) AppleWebKit/537.36 (KHTML, like Gecko) Chrome/98.0.4758.80 Safari/537.36"
